\BOOKMARK [1][-]{section.1}{\376\377\000A\000b\000s\000t\000r\000a\000c\000t}{}% 1
\BOOKMARK [1][-]{section.2}{\376\377\000E\000i\000n\000l\000e\000i\000t\000u\000n\000g}{}% 2
\BOOKMARK [1][-]{section.3}{\376\377\000G\000r\000u\000n\000d\000l\000a\000g\000e\000n}{}% 3
\BOOKMARK [2][-]{subsection.3.1}{\376\377\000S\000p\000i\000e\000l\000b\000a\000s\000i\000e\000r\000t\000e\000s\000\040\000L\000e\000r\000n\000e\000n\000\040\000u\000n\000d\000\040\000C\000o\000m\000p\000u\000t\000a\000t\000i\000o\000n\000a\000l\000\040\000T\000h\000i\000n\000k\000i\000n\000g}{section.3}% 4
\BOOKMARK [2][-]{subsection.3.2}{\376\377\000B\000r\000o\000w\000s\000e\000r\000b\000a\000s\000i\000e\000r\000t\000e\000\040\000P\000y\000t\000h\000o\000n\000-\000A\000u\000s\000f\000\374\000h\000r\000u\000n\000g}{section.3}% 5
\BOOKMARK [2][-]{subsection.3.3}{\376\377\000V\000e\000r\000w\000e\000n\000d\000e\000t\000e\000\040\000T\000e\000c\000h\000n\000o\000l\000o\000g\000i\000e\000n}{section.3}% 6
\BOOKMARK [3][-]{subsubsection.3.3.1}{\376\377\000N\000e\000x\000t\000.\000j\000s\000\040\000u\000n\000d\000\040\000T\000y\000p\000e\000S\000c\000r\000i\000p\000t}{subsection.3.3}% 7
\BOOKMARK [3][-]{subsubsection.3.3.2}{\376\377\000T\000h\000r\000e\000e\000.\000j\000s}{subsection.3.3}% 8
\BOOKMARK [3][-]{subsubsection.3.3.3}{\376\377\000P\000y\000o\000d\000i\000d\000e}{subsection.3.3}% 9
\BOOKMARK [3][-]{subsubsection.3.3.4}{\376\377\000G\000i\000t\000H\000u\000b\000\040\000A\000c\000t\000i\000o\000n\000s\000\040\000u\000n\000d\000\040\000P\000a\000g\000e\000s}{subsection.3.3}% 10
\BOOKMARK [1][-]{section.4}{\376\377\000I\000m\000p\000l\000e\000m\000e\000n\000t\000i\000e\000r\000u\000n\000g}{}% 11
\BOOKMARK [2][-]{subsection.4.1}{\376\377\000S\000y\000s\000t\000e\000m\000a\000r\000c\000h\000i\000t\000e\000k\000t\000u\000r\000\040\000\046\000\040\000K\000o\000m\000p\000o\000n\000e\000n\000t\000e\000n\000\374\000b\000e\000r\000s\000i\000c\000h\000t}{section.4}% 12
\BOOKMARK [2][-]{subsection.4.2}{\376\377\000L\000e\000v\000e\000l\000-\000S\000y\000s\000t\000e\000m\000\040\000\046\000\040\000D\000a\000t\000e\000n\000s\000t\000r\000u\000k\000t\000u\000r}{section.4}% 13
\BOOKMARK [2][-]{subsection.4.3}{\376\377\000P\000y\000t\000h\000o\000n\000-\000A\000u\000s\000f\000\374\000h\000r\000u\000n\000g\000\040\000i\000m\000\040\000B\000r\000o\000w\000s\000e\000r}{section.4}% 14
\BOOKMARK [2][-]{subsection.4.4}{\376\377\000K\000o\000m\000m\000u\000n\000i\000k\000a\000t\000i\000o\000n\000\040\000z\000w\000i\000s\000c\000h\000e\000n\000\040\000P\000y\000t\000h\000o\000n\000\040\000u\000n\000d\000\040\000J\000a\000v\000a\000S\000c\000r\000i\000p\000t}{section.4}% 15
\BOOKMARK [2][-]{subsection.4.5}{\376\377\000V\000i\000s\000u\000a\000l\000i\000s\000i\000e\000r\000u\000n\000g\000\040\000d\000e\000r\000\040\0003\000D\000-\000S\000z\000e\000n\000e}{section.4}% 16
\BOOKMARK [1][-]{section.5}{\376\377\000E\000r\000g\000e\000b\000n\000i\000s\000s\000e}{}% 17
\BOOKMARK [1][-]{section.6}{\376\377\000A\000u\000s\000w\000e\000r\000t\000u\000n\000g\000\040\000\046\000\040\000D\000i\000s\000k\000u\000s\000s\000i\000o\000n}{}% 18
\BOOKMARK [1][-]{section.7}{\376\377\000Z\000u\000s\000a\000m\000m\000e\000n\000f\000a\000s\000s\000u\000n\000g\000\040\000\046\000\040\000A\000s\000u\000b\000l\000i\000c\000k}{}% 19
\BOOKMARK [1][-]{section.8}{\376\377\000L\000i\000t\000e\000r\000a\000t\000u\000r\000v\000e\000r\000z\000e\000i\000c\000h\000n\000i\000s}{}% 20
\BOOKMARK [1][-]{section.9}{\376\377\000A\000n\000h\000a\000n\000g}{}% 21
